<?xml version="1.0" encoding="UTF-8"?>
<TestRun id="17d7ccbd-1ff7-43fc-bfc4-128f4649b9ff" name="Jeff@SULACO 2012-08-12 09:08:53" runUser="Sulaco\Jeff" xmlns="http://microsoft.com/schemas/VisualStudio/TeamTest/2010">
  <TestSettings name="Local" id="7d94643c-3780-40f8-8c47-ac01c13c0b0c">
    <Description>These are default test settings for a local test run.</Description>
    <Deployment enabled="false" runDeploymentRoot="Jeff_SULACO 2012-08-12 09_08_53">
      <DeploymentItem filename="C:\Development\CodeClub\CodeClub.TowersOfHanoi\src\CodeClub.TowersOfHanoi.Core\bin\Debug\CodeClub.TowersOfHanoi.Core.dll" />
    </Deployment>
    <Execution>
      <TestTypeSpecific />
      <AgentRule name="Execution Agents">
      </AgentRule>
    </Execution>
  </TestSettings>
  <Times creation="2012-08-12T09:08:53.5344093-07:00" queuing="2012-08-12T09:08:55.4220126-07:00" start="2012-08-12T09:08:55.6560130-07:00" finish="2012-08-12T09:08:56.1552139-07:00" />
  <ResultSummary outcome="Failed">
    <Counters total="3" executed="3" passed="1" error="0" failed="2" timeout="0" aborted="0" inconclusive="0" passedButRunAborted="0" notRunnable="0" notExecuted="0" disconnected="0" warning="0" completed="0" inProgress="0" pending="0" />
  </ResultSummary>
  <TestDefinitions>
    <UnitTest name="GameState_Equals_ReferenceEquals_Should_Return_True" storage="c:\development\codeclub\codeclub.towersofhanoi\test\codeclub.towersofhanoi.unittests\bin\debug\codeclub.towersofhanoi.unittests.dll" id="22cc0de3-f2bf-972c-b75e-348f26cd5951">
      <Execution id="3586f2e7-cbf6-4d4b-ad00-41be0c049dad" />
      <TestMethod codeBase="C:/Development/CodeClub/CodeClub.TowersOfHanoi/test/CodeClub.TowersOfHanoi.UnitTests/bin/Debug/CodeClub.TowersOfHanoi.UnitTests.DLL" adapterTypeName="Microsoft.VisualStudio.TestTools.TestTypes.Unit.UnitTestAdapter, Microsoft.VisualStudio.QualityTools.Tips.UnitTest.Adapter, Version=10.0.0.0, Culture=neutral, PublicKeyToken=b03f5f7f11d50a3a" className="CodeClub.TowersOfHanoi.UnitTests.GameStateTests, CodeClub.TowersOfHanoi.UnitTests, Version=1.0.0.0, Culture=neutral, PublicKeyToken=null" name="GameState_Equals_ReferenceEquals_Should_Return_True" />
    </UnitTest>
    <UnitTest name="GameState_Equals_When_Towers_Are_Different_Should_Return_False" storage="c:\development\codeclub\codeclub.towersofhanoi\test\codeclub.towersofhanoi.unittests\bin\debug\codeclub.towersofhanoi.unittests.dll" id="b498501d-e9fd-e400-b1c4-7a2a6551c541">
      <Execution id="74cd8f5a-ad41-4c1d-b4ec-525f088c74af" />
      <TestMethod codeBase="C:/Development/CodeClub/CodeClub.TowersOfHanoi/test/CodeClub.TowersOfHanoi.UnitTests/bin/Debug/CodeClub.TowersOfHanoi.UnitTests.DLL" adapterTypeName="Microsoft.VisualStudio.TestTools.TestTypes.Unit.UnitTestAdapter, Microsoft.VisualStudio.QualityTools.Tips.UnitTest.Adapter, Version=10.0.0.0, Culture=neutral, PublicKeyToken=b03f5f7f11d50a3a" className="CodeClub.TowersOfHanoi.UnitTests.GameStateTests, CodeClub.TowersOfHanoi.UnitTests, Version=1.0.0.0, Culture=neutral, PublicKeyToken=null" name="GameState_Equals_When_Towers_Are_Different_Should_Return_False" />
    </UnitTest>
    <UnitTest name="GameState_Equals_When_Towers_Are_The_Same_Should_Return_True" storage="c:\development\codeclub\codeclub.towersofhanoi\test\codeclub.towersofhanoi.unittests\bin\debug\codeclub.towersofhanoi.unittests.dll" id="e7bf1e00-33c5-ae58-d41b-6004e8a3a3e9">
      <Execution id="8d28efdc-e135-4376-a912-b8f6c9d54ee5" />
      <TestMethod codeBase="C:/Development/CodeClub/CodeClub.TowersOfHanoi/test/CodeClub.TowersOfHanoi.UnitTests/bin/Debug/CodeClub.TowersOfHanoi.UnitTests.DLL" adapterTypeName="Microsoft.VisualStudio.TestTools.TestTypes.Unit.UnitTestAdapter, Microsoft.VisualStudio.QualityTools.Tips.UnitTest.Adapter, Version=10.0.0.0, Culture=neutral, PublicKeyToken=b03f5f7f11d50a3a" className="CodeClub.TowersOfHanoi.UnitTests.GameStateTests, CodeClub.TowersOfHanoi.UnitTests, Version=1.0.0.0, Culture=neutral, PublicKeyToken=null" name="GameState_Equals_When_Towers_Are_The_Same_Should_Return_True" />
    </UnitTest>
  </TestDefinitions>
  <TestLists>
    <TestList name="Results Not in a List" id="8c84fa94-04c1-424b-9868-57a2d4851a1d" />
    <TestList name="All Loaded Results" id="19431567-8539-422a-85d7-44ee4e166bda" />
  </TestLists>
  <TestEntries>
    <TestEntry testId="22cc0de3-f2bf-972c-b75e-348f26cd5951" executionId="3586f2e7-cbf6-4d4b-ad00-41be0c049dad" testListId="8c84fa94-04c1-424b-9868-57a2d4851a1d" />
    <TestEntry testId="e7bf1e00-33c5-ae58-d41b-6004e8a3a3e9" executionId="8d28efdc-e135-4376-a912-b8f6c9d54ee5" testListId="8c84fa94-04c1-424b-9868-57a2d4851a1d" />
    <TestEntry testId="b498501d-e9fd-e400-b1c4-7a2a6551c541" executionId="74cd8f5a-ad41-4c1d-b4ec-525f088c74af" testListId="8c84fa94-04c1-424b-9868-57a2d4851a1d" />
  </TestEntries>
  <Results>
    <UnitTestResult executionId="3586f2e7-cbf6-4d4b-ad00-41be0c049dad" testId="22cc0de3-f2bf-972c-b75e-348f26cd5951" testName="GameState_Equals_ReferenceEquals_Should_Return_True" computerName="SULACO" duration="00:00:00.0153702" startTime="2012-08-12T09:08:55.7184131-07:00" endTime="2012-08-12T09:08:56.0148136-07:00" testType="13cdc9d9-ddb5-4fa4-a97d-d965ccfc6d4b" outcome="Passed" testListId="8c84fa94-04c1-424b-9868-57a2d4851a1d" relativeResultsDirectory="3586f2e7-cbf6-4d4b-ad00-41be0c049dad">
    </UnitTestResult>
    <UnitTestResult executionId="8d28efdc-e135-4376-a912-b8f6c9d54ee5" testId="e7bf1e00-33c5-ae58-d41b-6004e8a3a3e9" testName="GameState_Equals_When_Towers_Are_The_Same_Should_Return_True" computerName="SULACO" duration="00:00:00.0412189" startTime="2012-08-12T09:08:56.0304137-07:00" endTime="2012-08-12T09:08:56.0772137-07:00" testType="13cdc9d9-ddb5-4fa4-a97d-d965ccfc6d4b" outcome="Failed" testListId="8c84fa94-04c1-424b-9868-57a2d4851a1d" relativeResultsDirectory="8d28efdc-e135-4376-a912-b8f6c9d54ee5">
      <Output>
        <ErrorInfo>
          <Message>Test method CodeClub.TowersOfHanoi.UnitTests.GameStateTests.GameState_Equals_When_Towers_Are_The_Same_Should_Return_True threw exception: 
System.NullReferenceException: Object reference not set to an instance of an object.</Message>
          <StackTrace>    at CodeClub.TowersOfHanoi.UnitTests.GameStateTests.GameState_Equals_When_Towers_Are_The_Same_Should_Return_True() in C:\Development\CodeClub\CodeClub.TowersOfHanoi\test\CodeClub.TowersOfHanoi.UnitTests\GameStateTests.cs:line 42
</StackTrace>
        </ErrorInfo>
      </Output>
    </UnitTestResult>
    <UnitTestResult executionId="74cd8f5a-ad41-4c1d-b4ec-525f088c74af" testId="b498501d-e9fd-e400-b1c4-7a2a6551c541" testName="GameState_Equals_When_Towers_Are_Different_Should_Return_False" computerName="SULACO" duration="00:00:00.0019276" startTime="2012-08-12T09:08:56.0772137-07:00" endTime="2012-08-12T09:08:56.0772137-07:00" testType="13cdc9d9-ddb5-4fa4-a97d-d965ccfc6d4b" outcome="Failed" testListId="8c84fa94-04c1-424b-9868-57a2d4851a1d" relativeResultsDirectory="74cd8f5a-ad41-4c1d-b4ec-525f088c74af">
      <Output>
        <ErrorInfo>
          <Message>Test method CodeClub.TowersOfHanoi.UnitTests.GameStateTests.GameState_Equals_When_Towers_Are_Different_Should_Return_False threw exception: 
System.NullReferenceException: Object reference not set to an instance of an object.</Message>
          <StackTrace>    at CodeClub.TowersOfHanoi.UnitTests.GameStateTests.GameState_Equals_When_Towers_Are_Different_Should_Return_False() in C:\Development\CodeClub\CodeClub.TowersOfHanoi\test\CodeClub.TowersOfHanoi.UnitTests\GameStateTests.cs:line 76
</StackTrace>
        </ErrorInfo>
      </Output>
    </UnitTestResult>
  </Results>
</TestRun>