<?xml version="1.0" encoding="UTF-8"?>
<TestRun id="4ac0a9c0-0837-4b65-a801-dafd7d9ee833" name="Jeff@SULACO 2012-08-12 10:48:23" runUser="Sulaco\Jeff" xmlns="http://microsoft.com/schemas/VisualStudio/TeamTest/2010">
  <TestSettings name="Local" id="7d94643c-3780-40f8-8c47-ac01c13c0b0c">
    <Description>These are default test settings for a local test run.</Description>
    <Deployment enabled="false" runDeploymentRoot="Jeff_SULACO 2012-08-12 10_48_23">
      <DeploymentItem filename="C:\Development\CodeClub\CodeClub.TowersOfHanoi\src\CodeClub.TowersOfHanoi.Core\bin\Debug\CodeClub.TowersOfHanoi.Core.dll" />
    </Deployment>
    <Execution>
      <TestTypeSpecific />
      <AgentRule name="Execution Agents">
      </AgentRule>
    </Execution>
  </TestSettings>
  <Times creation="2012-08-12T10:48:23.7342054-07:00" queuing="2012-08-12T10:48:24.0892257-07:00" start="2012-08-12T10:48:24.1662301-07:00" finish="2012-08-12T10:48:24.5922545-07:00" />
  <ResultSummary outcome="Failed">
    <Counters total="1" executed="1" error="0" failed="1" timeout="0" aborted="0" inconclusive="0" passedButRunAborted="0" notRunnable="0" notExecuted="0" disconnected="0" warning="0" passed="0" completed="0" inProgress="0" pending="0" />
  </ResultSummary>
  <TestDefinitions>
    <UnitTest name="Tower_Should_Add_Disks_To_Top_Of_Stack" storage="c:\development\codeclub\codeclub.towersofhanoi\test\codeclub.towersofhanoi.unittests\bin\debug\codeclub.towersofhanoi.unittests.dll" id="964aaf46-13f8-43d6-68ff-753342cdea2e">
      <Execution id="09008c31-dd7b-496d-a9df-3ef875e04fda" />
      <TestMethod codeBase="C:/Development/CodeClub/CodeClub.TowersOfHanoi/test/CodeClub.TowersOfHanoi.UnitTests/bin/Debug/CodeClub.TowersOfHanoi.UnitTests.DLL" adapterTypeName="Microsoft.VisualStudio.TestTools.TestTypes.Unit.UnitTestAdapter, Microsoft.VisualStudio.QualityTools.Tips.UnitTest.Adapter, Version=10.0.0.0, Culture=neutral, PublicKeyToken=b03f5f7f11d50a3a" className="CodeClub.TowersOfHanoi.UnitTests.TowerTests, CodeClub.TowersOfHanoi.UnitTests, Version=1.0.0.0, Culture=neutral, PublicKeyToken=null" name="Tower_Should_Add_Disks_To_Top_Of_Stack" />
    </UnitTest>
  </TestDefinitions>
  <TestLists>
    <TestList name="Results Not in a List" id="8c84fa94-04c1-424b-9868-57a2d4851a1d" />
    <TestList name="All Loaded Results" id="19431567-8539-422a-85d7-44ee4e166bda" />
  </TestLists>
  <TestEntries>
    <TestEntry testId="964aaf46-13f8-43d6-68ff-753342cdea2e" executionId="09008c31-dd7b-496d-a9df-3ef875e04fda" testListId="8c84fa94-04c1-424b-9868-57a2d4851a1d" />
  </TestEntries>
  <Results>
    <UnitTestResult executionId="09008c31-dd7b-496d-a9df-3ef875e04fda" testId="964aaf46-13f8-43d6-68ff-753342cdea2e" testName="Tower_Should_Add_Disks_To_Top_Of_Stack" computerName="SULACO" duration="00:00:00.0448220" startTime="2012-08-12T10:48:24.2372342-07:00" endTime="2012-08-12T10:48:24.5562524-07:00" testType="13cdc9d9-ddb5-4fa4-a97d-d965ccfc6d4b" outcome="Failed" testListId="8c84fa94-04c1-424b-9868-57a2d4851a1d" relativeResultsDirectory="09008c31-dd7b-496d-a9df-3ef875e04fda">
      <Output>
        <ErrorInfo>
          <Message>Test method CodeClub.TowersOfHanoi.UnitTests.TowerTests.Tower_Should_Add_Disks_To_Top_Of_Stack threw exception: 
System.FormatException: Index (zero based) must be greater than or equal to zero and less than the size of the argument list.</Message>
          <StackTrace>    at System.Text.StringBuilder.AppendFormat(IFormatProvider provider, String format, Object[] args)
   at System.String.Format(IFormatProvider provider, String format, Object[] args)
   at System.String.Format(String format, Object[] args)
   at CodeClub.TowersOfHanoi.Core.Tower.AddDiskToTop(Int32 diskToAdd) in C:\Development\CodeClub\CodeClub.TowersOfHanoi\src\CodeClub.TowersOfHanoi.Core\Tower.cs:line 50
   at CodeClub.TowersOfHanoi.UnitTests.TowerTests.Tower_Should_Add_Disks_To_Top_Of_Stack() in C:\Development\CodeClub\CodeClub.TowersOfHanoi\test\CodeClub.TowersOfHanoi.UnitTests\TowerTests.cs:line 25
</StackTrace>
        </ErrorInfo>
      </Output>
    </UnitTestResult>
  </Results>
</TestRun>