<?xml version="1.0" encoding="UTF-8"?>
<TestRun id="a3b71457-68fd-44a6-a84b-1e75067e3b4b" name="Jeff@SULACO 2012-08-12 11:14:29" runUser="Sulaco\Jeff" xmlns="http://microsoft.com/schemas/VisualStudio/TeamTest/2010">
  <TestSettings name="Local" id="7d94643c-3780-40f8-8c47-ac01c13c0b0c">
    <Description>These are default test settings for a local test run.</Description>
    <Deployment enabled="false" runDeploymentRoot="Jeff_SULACO 2012-08-12 11_14_29">
      <DeploymentItem filename="C:\Development\CodeClub\CodeClub.TowersOfHanoi\src\CodeClub.TowersOfHanoi.Core\bin\Debug\CodeClub.TowersOfHanoi.Core.dll" />
    </Deployment>
    <Execution>
      <TestTypeSpecific />
      <AgentRule name="Execution Agents">
      </AgentRule>
    </Execution>
  </TestSettings>
  <Times creation="2012-08-12T11:14:29.1147400-07:00" queuing="2012-08-12T11:14:29.1317410-07:00" start="2012-08-12T11:14:29.1467419-07:00" finish="2012-08-12T11:14:29.3607541-07:00" />
  <ResultSummary outcome="Completed">
    <Counters total="1" executed="1" passed="1" error="0" failed="0" timeout="0" aborted="0" inconclusive="0" passedButRunAborted="0" notRunnable="0" notExecuted="0" disconnected="0" warning="0" completed="0" inProgress="0" pending="0" />
  </ResultSummary>
  <TestDefinitions>
    <UnitTest name="Tower_Cannot_Add_A_Larger_Disk_On_Top_Of_A_Smaller_Disk" storage="c:\development\codeclub\codeclub.towersofhanoi\test\codeclub.towersofhanoi.unittests\bin\debug\codeclub.towersofhanoi.unittests.dll" id="662dfa8c-86e2-a013-67d5-8fa83e37d264">
      <Execution id="400074cc-9e17-47e0-a079-b87a20c0414e" />
      <TestMethod codeBase="C:/Development/CodeClub/CodeClub.TowersOfHanoi/test/CodeClub.TowersOfHanoi.UnitTests/bin/Debug/CodeClub.TowersOfHanoi.UnitTests.DLL" adapterTypeName="Microsoft.VisualStudio.TestTools.TestTypes.Unit.UnitTestAdapter, Microsoft.VisualStudio.QualityTools.Tips.UnitTest.Adapter, Version=10.0.0.0, Culture=neutral, PublicKeyToken=b03f5f7f11d50a3a" className="CodeClub.TowersOfHanoi.UnitTests.TowerTests, CodeClub.TowersOfHanoi.UnitTests, Version=1.0.0.0, Culture=neutral, PublicKeyToken=null" name="Tower_Cannot_Add_A_Larger_Disk_On_Top_Of_A_Smaller_Disk" />
    </UnitTest>
  </TestDefinitions>
  <TestLists>
    <TestList name="Results Not in a List" id="8c84fa94-04c1-424b-9868-57a2d4851a1d" />
    <TestList name="All Loaded Results" id="19431567-8539-422a-85d7-44ee4e166bda" />
  </TestLists>
  <TestEntries>
    <TestEntry testId="662dfa8c-86e2-a013-67d5-8fa83e37d264" executionId="400074cc-9e17-47e0-a079-b87a20c0414e" testListId="8c84fa94-04c1-424b-9868-57a2d4851a1d" />
  </TestEntries>
  <Results>
    <UnitTestResult executionId="400074cc-9e17-47e0-a079-b87a20c0414e" testId="662dfa8c-86e2-a013-67d5-8fa83e37d264" testName="Tower_Cannot_Add_A_Larger_Disk_On_Top_Of_A_Smaller_Disk" computerName="SULACO" duration="00:00:00.0160226" startTime="2012-08-12T11:14:29.1557424-07:00" endTime="2012-08-12T11:14:29.3477534-07:00" testType="13cdc9d9-ddb5-4fa4-a97d-d965ccfc6d4b" outcome="Passed" testListId="8c84fa94-04c1-424b-9868-57a2d4851a1d" relativeResultsDirectory="400074cc-9e17-47e0-a079-b87a20c0414e">
    </UnitTestResult>
  </Results>
</TestRun>