<?xml version="1.0" encoding="UTF-8"?>
<TestRun id="9c0013b3-3c28-4b99-acc7-1fdfdac24bf5" name="Jeff@SULACO 2012-08-12 10:30:13" runUser="Sulaco\Jeff" xmlns="http://microsoft.com/schemas/VisualStudio/TeamTest/2010">
  <TestSettings name="Local" id="7d94643c-3780-40f8-8c47-ac01c13c0b0c">
    <Description>These are default test settings for a local test run.</Description>
    <Deployment enabled="false" runDeploymentRoot="Jeff_SULACO 2012-08-12 10_30_13">
      <DeploymentItem filename="C:\Development\CodeClub\CodeClub.TowersOfHanoi\src\CodeClub.TowersOfHanoi.Core\bin\Debug\CodeClub.TowersOfHanoi.Core.dll" />
    </Deployment>
    <Execution>
      <TestTypeSpecific />
      <AgentRule name="Execution Agents">
      </AgentRule>
    </Execution>
  </TestSettings>
  <Times creation="2012-08-12T10:30:13.3548393-07:00" queuing="2012-08-12T10:30:15.1269406-07:00" start="2012-08-12T10:30:15.3079510-07:00" finish="2012-08-12T10:30:27.4106432-07:00" />
  <ResultSummary outcome="Completed">
    <Counters total="1" executed="1" passed="1" error="0" failed="0" timeout="0" aborted="0" inconclusive="0" passedButRunAborted="0" notRunnable="0" notExecuted="0" disconnected="0" warning="0" completed="0" inProgress="0" pending="0" />
  </ResultSummary>
  <TestDefinitions>
    <UnitTest name="GameState_Equals_When_Towers_Are_Different_Should_Return_False" storage="c:\development\codeclub\codeclub.towersofhanoi\test\codeclub.towersofhanoi.unittests\bin\debug\codeclub.towersofhanoi.unittests.dll" id="b498501d-e9fd-e400-b1c4-7a2a6551c541">
      <Execution id="7110b536-a169-4a4e-9c1d-4c31b4d35731" />
      <TestMethod codeBase="C:/Development/CodeClub/CodeClub.TowersOfHanoi/test/CodeClub.TowersOfHanoi.UnitTests/bin/Debug/CodeClub.TowersOfHanoi.UnitTests.DLL" adapterTypeName="Microsoft.VisualStudio.TestTools.TestTypes.Unit.UnitTestAdapter, Microsoft.VisualStudio.QualityTools.Tips.UnitTest.Adapter, Version=10.0.0.0, Culture=neutral, PublicKeyToken=b03f5f7f11d50a3a" className="CodeClub.TowersOfHanoi.UnitTests.GameStateTests, CodeClub.TowersOfHanoi.UnitTests, Version=1.0.0.0, Culture=neutral, PublicKeyToken=null" name="GameState_Equals_When_Towers_Are_Different_Should_Return_False" />
    </UnitTest>
  </TestDefinitions>
  <TestLists>
    <TestList name="Results Not in a List" id="8c84fa94-04c1-424b-9868-57a2d4851a1d" />
    <TestList name="All Loaded Results" id="19431567-8539-422a-85d7-44ee4e166bda" />
  </TestLists>
  <TestEntries>
    <TestEntry testId="b498501d-e9fd-e400-b1c4-7a2a6551c541" executionId="7110b536-a169-4a4e-9c1d-4c31b4d35731" testListId="8c84fa94-04c1-424b-9868-57a2d4851a1d" />
  </TestEntries>
  <Results>
    <UnitTestResult executionId="7110b536-a169-4a4e-9c1d-4c31b4d35731" testId="b498501d-e9fd-e400-b1c4-7a2a6551c541" testName="GameState_Equals_When_Towers_Are_Different_Should_Return_False" computerName="SULACO" duration="00:00:11.1607102" startTime="2012-08-12T10:30:15.4549594-07:00" endTime="2012-08-12T10:30:27.3296386-07:00" testType="13cdc9d9-ddb5-4fa4-a97d-d965ccfc6d4b" outcome="Passed" testListId="8c84fa94-04c1-424b-9868-57a2d4851a1d" relativeResultsDirectory="7110b536-a169-4a4e-9c1d-4c31b4d35731">
    </UnitTestResult>
  </Results>
</TestRun>