<?xml version="1.0" encoding="UTF-8"?>
<TestRun id="7626a417-0d5b-43b5-b66c-8c73926ce623" name="Jeff@SULACO 2012-08-12 10:49:56" runUser="Sulaco\Jeff" xmlns="http://microsoft.com/schemas/VisualStudio/TeamTest/2010">
  <TestSettings name="Local" id="7d94643c-3780-40f8-8c47-ac01c13c0b0c">
    <Description>These are default test settings for a local test run.</Description>
    <Deployment enabled="false" runDeploymentRoot="Jeff_SULACO 2012-08-12 10_49_56">
      <DeploymentItem filename="C:\Development\CodeClub\CodeClub.TowersOfHanoi\src\CodeClub.TowersOfHanoi.Core\bin\Debug\CodeClub.TowersOfHanoi.Core.dll" />
    </Deployment>
    <Execution>
      <TestTypeSpecific />
      <AgentRule name="Execution Agents">
      </AgentRule>
    </Execution>
  </TestSettings>
  <Times creation="2012-08-12T10:49:56.9765386-07:00" queuing="2012-08-12T10:49:58.8186439-07:00" start="2012-08-12T10:49:58.9816532-07:00" finish="2012-08-12T10:50:40.7440419-07:00" />
  <ResultSummary outcome="Error">
    <Counters total="1" executed="1" error="0" failed="0" timeout="0" aborted="1" inconclusive="0" passedButRunAborted="0" notRunnable="0" notExecuted="0" disconnected="0" warning="0" passed="0" completed="0" inProgress="0" pending="0" />
    <RunInfos>
      <RunInfo computerName="SULACO" outcome="Error" timestamp="2012-08-12T10:50:40.7410417-07:00">
        <Text>Test host process exited unexpectedly.</Text>
      </RunInfo>
    </RunInfos>
  </ResultSummary>
  <TestDefinitions>
    <UnitTest name="Tower_Get_Top_Disk_On_An_Empty_Stack_Of_Disks_Should_Return_Zero" storage="c:\development\codeclub\codeclub.towersofhanoi\test\codeclub.towersofhanoi.unittests\bin\debug\codeclub.towersofhanoi.unittests.dll" id="3962244e-ea37-85fd-fe31-f8e1b9d1e867">
      <Execution id="18248369-5024-4486-8e43-13f9755ac8b3" />
      <TestMethod codeBase="C:/Development/CodeClub/CodeClub.TowersOfHanoi/test/CodeClub.TowersOfHanoi.UnitTests/bin/Debug/CodeClub.TowersOfHanoi.UnitTests.DLL" adapterTypeName="Microsoft.VisualStudio.TestTools.TestTypes.Unit.UnitTestAdapter, Microsoft.VisualStudio.QualityTools.Tips.UnitTest.Adapter, Version=10.0.0.0, Culture=neutral, PublicKeyToken=b03f5f7f11d50a3a" className="CodeClub.TowersOfHanoi.UnitTests.TowerTests, CodeClub.TowersOfHanoi.UnitTests, Version=1.0.0.0, Culture=neutral, PublicKeyToken=null" name="Tower_Get_Top_Disk_On_An_Empty_Stack_Of_Disks_Should_Return_Zero" />
    </UnitTest>
  </TestDefinitions>
  <TestLists>
    <TestList name="Results Not in a List" id="8c84fa94-04c1-424b-9868-57a2d4851a1d" />
    <TestList name="All Loaded Results" id="19431567-8539-422a-85d7-44ee4e166bda" />
  </TestLists>
  <TestEntries>
    <TestEntry testId="3962244e-ea37-85fd-fe31-f8e1b9d1e867" executionId="18248369-5024-4486-8e43-13f9755ac8b3" testListId="8c84fa94-04c1-424b-9868-57a2d4851a1d" />
  </TestEntries>
  <Results>
    <UnitTestResult executionId="18248369-5024-4486-8e43-13f9755ac8b3" testId="3962244e-ea37-85fd-fe31-f8e1b9d1e867" testName="Tower_Get_Top_Disk_On_An_Empty_Stack_Of_Disks_Should_Return_Zero" computerName="SULACO" duration="00:00:41.6213806" startTime="2012-08-12T10:49:59.1226613-07:00" endTime="2012-08-12T10:50:40.7440419-07:00" testType="13cdc9d9-ddb5-4fa4-a97d-d965ccfc6d4b" outcome="Aborted" testListId="8c84fa94-04c1-424b-9868-57a2d4851a1d" relativeResultsDirectory="18248369-5024-4486-8e43-13f9755ac8b3">
    </UnitTestResult>
  </Results>
</TestRun>