<?xml version="1.0" encoding="UTF-8"?>
<TestRun id="9da0a793-ee36-4bd1-ab8d-3747feb352eb" name="Jeff@SULACO 2012-08-12 11:21:59" runUser="Sulaco\Jeff" xmlns="http://microsoft.com/schemas/VisualStudio/TeamTest/2010">
  <TestSettings name="Local" id="7d94643c-3780-40f8-8c47-ac01c13c0b0c">
    <Description>These are default test settings for a local test run.</Description>
    <Deployment enabled="false" runDeploymentRoot="Jeff_SULACO 2012-08-12 11_21_59">
      <DeploymentItem filename="C:\Development\CodeClub\CodeClub.TowersOfHanoi\src\CodeClub.TowersOfHanoi.Core\bin\Debug\CodeClub.TowersOfHanoi.Core.dll" />
    </Deployment>
    <Execution>
      <TestTypeSpecific />
      <AgentRule name="Execution Agents">
      </AgentRule>
    </Execution>
  </TestSettings>
  <Times creation="2012-08-12T11:21:59.7275136-07:00" queuing="2012-08-12T11:21:59.7525151-07:00" start="2012-08-12T11:21:59.7825168-07:00" finish="2012-08-12T11:22:00.0895343-07:00" />
  <ResultSummary outcome="Failed">
    <Counters total="8" executed="8" passed="7" error="0" failed="1" timeout="0" aborted="0" inconclusive="0" passedButRunAborted="0" notRunnable="0" notExecuted="0" disconnected="0" warning="0" completed="0" inProgress="0" pending="0" />
  </ResultSummary>
  <TestDefinitions>
    <UnitTest name="Tower_Can_Get_Disk_From_Top_Of_Stack" storage="c:\development\codeclub\codeclub.towersofhanoi\test\codeclub.towersofhanoi.unittests\bin\debug\codeclub.towersofhanoi.unittests.dll" id="20e92529-e083-d65d-65e9-af10407bfc01">
      <Execution id="4f1a4c1f-64a7-4f3e-beaf-778ccab2b54b" />
      <TestMethod codeBase="C:/Development/CodeClub/CodeClub.TowersOfHanoi/test/CodeClub.TowersOfHanoi.UnitTests/bin/Debug/CodeClub.TowersOfHanoi.UnitTests.DLL" adapterTypeName="Microsoft.VisualStudio.TestTools.TestTypes.Unit.UnitTestAdapter, Microsoft.VisualStudio.QualityTools.Tips.UnitTest.Adapter, Version=10.0.0.0, Culture=neutral, PublicKeyToken=b03f5f7f11d50a3a" className="CodeClub.TowersOfHanoi.UnitTests.TowerTests, CodeClub.TowersOfHanoi.UnitTests, Version=1.0.0.0, Culture=neutral, PublicKeyToken=null" name="Tower_Can_Get_Disk_From_Top_Of_Stack" />
    </UnitTest>
    <UnitTest name="Tower_Cannot_Add_A_Larger_Disk_On_Top_Of_A_Smaller_Disk" storage="c:\development\codeclub\codeclub.towersofhanoi\test\codeclub.towersofhanoi.unittests\bin\debug\codeclub.towersofhanoi.unittests.dll" id="662dfa8c-86e2-a013-67d5-8fa83e37d264">
      <Execution id="72387a93-7318-4ffb-8178-6007ff27b87e" />
      <TestMethod codeBase="C:/Development/CodeClub/CodeClub.TowersOfHanoi/test/CodeClub.TowersOfHanoi.UnitTests/bin/Debug/CodeClub.TowersOfHanoi.UnitTests.DLL" adapterTypeName="Microsoft.VisualStudio.TestTools.TestTypes.Unit.UnitTestAdapter, Microsoft.VisualStudio.QualityTools.Tips.UnitTest.Adapter, Version=10.0.0.0, Culture=neutral, PublicKeyToken=b03f5f7f11d50a3a" className="CodeClub.TowersOfHanoi.UnitTests.TowerTests, CodeClub.TowersOfHanoi.UnitTests, Version=1.0.0.0, Culture=neutral, PublicKeyToken=null" name="Tower_Cannot_Add_A_Larger_Disk_On_Top_Of_A_Smaller_Disk" />
    </UnitTest>
    <UnitTest name="Tower_Can_Add_Multipe_Disks_On_Top_Of_Each_Other" storage="c:\development\codeclub\codeclub.towersofhanoi\test\codeclub.towersofhanoi.unittests\bin\debug\codeclub.towersofhanoi.unittests.dll" id="a06bbd9f-ae38-eb04-224e-818c9054f890">
      <Execution id="caaa8ca1-9852-4234-9bd4-c830cca30e10" />
      <TestMethod codeBase="C:/Development/CodeClub/CodeClub.TowersOfHanoi/test/CodeClub.TowersOfHanoi.UnitTests/bin/Debug/CodeClub.TowersOfHanoi.UnitTests.DLL" adapterTypeName="Microsoft.VisualStudio.TestTools.TestTypes.Unit.UnitTestAdapter, Microsoft.VisualStudio.QualityTools.Tips.UnitTest.Adapter, Version=10.0.0.0, Culture=neutral, PublicKeyToken=b03f5f7f11d50a3a" className="CodeClub.TowersOfHanoi.UnitTests.TowerTests, CodeClub.TowersOfHanoi.UnitTests, Version=1.0.0.0, Culture=neutral, PublicKeyToken=null" name="Tower_Can_Add_Multipe_Disks_On_Top_Of_Each_Other" />
    </UnitTest>
    <UnitTest name="Tower_Get_Top_Disk_On_An_Empty_Stack_Of_Disks_Should_Return_Zero" storage="c:\development\codeclub\codeclub.towersofhanoi\test\codeclub.towersofhanoi.unittests\bin\debug\codeclub.towersofhanoi.unittests.dll" id="3962244e-ea37-85fd-fe31-f8e1b9d1e867">
      <Execution id="7c83ae70-c2e3-4b9e-a461-446524330854" />
      <TestMethod codeBase="C:/Development/CodeClub/CodeClub.TowersOfHanoi/test/CodeClub.TowersOfHanoi.UnitTests/bin/Debug/CodeClub.TowersOfHanoi.UnitTests.DLL" adapterTypeName="Microsoft.VisualStudio.TestTools.TestTypes.Unit.UnitTestAdapter, Microsoft.VisualStudio.QualityTools.Tips.UnitTest.Adapter, Version=10.0.0.0, Culture=neutral, PublicKeyToken=b03f5f7f11d50a3a" className="CodeClub.TowersOfHanoi.UnitTests.TowerTests, CodeClub.TowersOfHanoi.UnitTests, Version=1.0.0.0, Culture=neutral, PublicKeyToken=null" name="Tower_Get_Top_Disk_On_An_Empty_Stack_Of_Disks_Should_Return_Zero" />
    </UnitTest>
    <UnitTest name="GameState_Equals_ReferenceEquals_Should_Return_True" storage="c:\development\codeclub\codeclub.towersofhanoi\test\codeclub.towersofhanoi.unittests\bin\debug\codeclub.towersofhanoi.unittests.dll" id="22cc0de3-f2bf-972c-b75e-348f26cd5951">
      <Execution id="917073e9-b2f4-4145-b5da-be68e5a3510b" />
      <TestMethod codeBase="C:/Development/CodeClub/CodeClub.TowersOfHanoi/test/CodeClub.TowersOfHanoi.UnitTests/bin/Debug/CodeClub.TowersOfHanoi.UnitTests.DLL" adapterTypeName="Microsoft.VisualStudio.TestTools.TestTypes.Unit.UnitTestAdapter, Microsoft.VisualStudio.QualityTools.Tips.UnitTest.Adapter, Version=10.0.0.0, Culture=neutral, PublicKeyToken=b03f5f7f11d50a3a" className="CodeClub.TowersOfHanoi.UnitTests.GameStateTests, CodeClub.TowersOfHanoi.UnitTests, Version=1.0.0.0, Culture=neutral, PublicKeyToken=null" name="GameState_Equals_ReferenceEquals_Should_Return_True" />
    </UnitTest>
    <UnitTest name="GameState_Equals_When_Towers_Are_Different_Should_Return_False" storage="c:\development\codeclub\codeclub.towersofhanoi\test\codeclub.towersofhanoi.unittests\bin\debug\codeclub.towersofhanoi.unittests.dll" id="b498501d-e9fd-e400-b1c4-7a2a6551c541">
      <Execution id="26438bb2-e091-45f7-889c-c6ff73758f16" />
      <TestMethod codeBase="C:/Development/CodeClub/CodeClub.TowersOfHanoi/test/CodeClub.TowersOfHanoi.UnitTests/bin/Debug/CodeClub.TowersOfHanoi.UnitTests.DLL" adapterTypeName="Microsoft.VisualStudio.TestTools.TestTypes.Unit.UnitTestAdapter, Microsoft.VisualStudio.QualityTools.Tips.UnitTest.Adapter, Version=10.0.0.0, Culture=neutral, PublicKeyToken=b03f5f7f11d50a3a" className="CodeClub.TowersOfHanoi.UnitTests.GameStateTests, CodeClub.TowersOfHanoi.UnitTests, Version=1.0.0.0, Culture=neutral, PublicKeyToken=null" name="GameState_Equals_When_Towers_Are_Different_Should_Return_False" />
    </UnitTest>
    <UnitTest name="Tower_Should_Add_Disks_To_Top_Of_Stack" storage="c:\development\codeclub\codeclub.towersofhanoi\test\codeclub.towersofhanoi.unittests\bin\debug\codeclub.towersofhanoi.unittests.dll" id="964aaf46-13f8-43d6-68ff-753342cdea2e">
      <Execution id="a06173f1-e812-428e-8c3a-cae9d9462678" />
      <TestMethod codeBase="C:/Development/CodeClub/CodeClub.TowersOfHanoi/test/CodeClub.TowersOfHanoi.UnitTests/bin/Debug/CodeClub.TowersOfHanoi.UnitTests.DLL" adapterTypeName="Microsoft.VisualStudio.TestTools.TestTypes.Unit.UnitTestAdapter, Microsoft.VisualStudio.QualityTools.Tips.UnitTest.Adapter, Version=10.0.0.0, Culture=neutral, PublicKeyToken=b03f5f7f11d50a3a" className="CodeClub.TowersOfHanoi.UnitTests.TowerTests, CodeClub.TowersOfHanoi.UnitTests, Version=1.0.0.0, Culture=neutral, PublicKeyToken=null" name="Tower_Should_Add_Disks_To_Top_Of_Stack" />
    </UnitTest>
    <UnitTest name="GameState_Equals_When_Towers_Are_The_Same_Should_Return_True" storage="c:\development\codeclub\codeclub.towersofhanoi\test\codeclub.towersofhanoi.unittests\bin\debug\codeclub.towersofhanoi.unittests.dll" id="e7bf1e00-33c5-ae58-d41b-6004e8a3a3e9">
      <Execution id="9129f121-12de-4614-84a4-33910ce19515" />
      <TestMethod codeBase="C:/Development/CodeClub/CodeClub.TowersOfHanoi/test/CodeClub.TowersOfHanoi.UnitTests/bin/Debug/CodeClub.TowersOfHanoi.UnitTests.DLL" adapterTypeName="Microsoft.VisualStudio.TestTools.TestTypes.Unit.UnitTestAdapter, Microsoft.VisualStudio.QualityTools.Tips.UnitTest.Adapter, Version=10.0.0.0, Culture=neutral, PublicKeyToken=b03f5f7f11d50a3a" className="CodeClub.TowersOfHanoi.UnitTests.GameStateTests, CodeClub.TowersOfHanoi.UnitTests, Version=1.0.0.0, Culture=neutral, PublicKeyToken=null" name="GameState_Equals_When_Towers_Are_The_Same_Should_Return_True" />
    </UnitTest>
  </TestDefinitions>
  <TestLists>
    <TestList name="Results Not in a List" id="8c84fa94-04c1-424b-9868-57a2d4851a1d" />
    <TestList name="All Loaded Results" id="19431567-8539-422a-85d7-44ee4e166bda" />
  </TestLists>
  <TestEntries>
    <TestEntry testId="22cc0de3-f2bf-972c-b75e-348f26cd5951" executionId="917073e9-b2f4-4145-b5da-be68e5a3510b" testListId="8c84fa94-04c1-424b-9868-57a2d4851a1d" />
    <TestEntry testId="e7bf1e00-33c5-ae58-d41b-6004e8a3a3e9" executionId="9129f121-12de-4614-84a4-33910ce19515" testListId="8c84fa94-04c1-424b-9868-57a2d4851a1d" />
    <TestEntry testId="b498501d-e9fd-e400-b1c4-7a2a6551c541" executionId="26438bb2-e091-45f7-889c-c6ff73758f16" testListId="8c84fa94-04c1-424b-9868-57a2d4851a1d" />
    <TestEntry testId="964aaf46-13f8-43d6-68ff-753342cdea2e" executionId="a06173f1-e812-428e-8c3a-cae9d9462678" testListId="8c84fa94-04c1-424b-9868-57a2d4851a1d" />
    <TestEntry testId="3962244e-ea37-85fd-fe31-f8e1b9d1e867" executionId="7c83ae70-c2e3-4b9e-a461-446524330854" testListId="8c84fa94-04c1-424b-9868-57a2d4851a1d" />
    <TestEntry testId="20e92529-e083-d65d-65e9-af10407bfc01" executionId="4f1a4c1f-64a7-4f3e-beaf-778ccab2b54b" testListId="8c84fa94-04c1-424b-9868-57a2d4851a1d" />
    <TestEntry testId="a06bbd9f-ae38-eb04-224e-818c9054f890" executionId="caaa8ca1-9852-4234-9bd4-c830cca30e10" testListId="8c84fa94-04c1-424b-9868-57a2d4851a1d" />
    <TestEntry testId="662dfa8c-86e2-a013-67d5-8fa83e37d264" executionId="72387a93-7318-4ffb-8178-6007ff27b87e" testListId="8c84fa94-04c1-424b-9868-57a2d4851a1d" />
  </TestEntries>
  <Results>
    <UnitTestResult executionId="917073e9-b2f4-4145-b5da-be68e5a3510b" testId="22cc0de3-f2bf-972c-b75e-348f26cd5951" testName="GameState_Equals_ReferenceEquals_Should_Return_True" computerName="SULACO" duration="00:00:00.0197208" startTime="2012-08-12T11:21:59.7845169-07:00" endTime="2012-08-12T11:21:59.9885285-07:00" testType="13cdc9d9-ddb5-4fa4-a97d-d965ccfc6d4b" outcome="Passed" testListId="8c84fa94-04c1-424b-9868-57a2d4851a1d" relativeResultsDirectory="917073e9-b2f4-4145-b5da-be68e5a3510b">
    </UnitTestResult>
    <UnitTestResult executionId="9129f121-12de-4614-84a4-33910ce19515" testId="e7bf1e00-33c5-ae58-d41b-6004e8a3a3e9" testName="GameState_Equals_When_Towers_Are_The_Same_Should_Return_True" computerName="SULACO" duration="00:00:00.0106319" startTime="2012-08-12T11:21:59.9895286-07:00" endTime="2012-08-12T11:22:00.0055295-07:00" testType="13cdc9d9-ddb5-4fa4-a97d-d965ccfc6d4b" outcome="Passed" testListId="8c84fa94-04c1-424b-9868-57a2d4851a1d" relativeResultsDirectory="9129f121-12de-4614-84a4-33910ce19515">
    </UnitTestResult>
    <UnitTestResult executionId="26438bb2-e091-45f7-889c-c6ff73758f16" testId="b498501d-e9fd-e400-b1c4-7a2a6551c541" testName="GameState_Equals_When_Towers_Are_Different_Should_Return_False" computerName="SULACO" duration="00:00:00.0296271" startTime="2012-08-12T11:22:00.0065296-07:00" endTime="2012-08-12T11:22:00.0405315-07:00" testType="13cdc9d9-ddb5-4fa4-a97d-d965ccfc6d4b" outcome="Failed" testListId="8c84fa94-04c1-424b-9868-57a2d4851a1d" relativeResultsDirectory="26438bb2-e091-45f7-889c-c6ff73758f16">
      <Output>
        <ErrorInfo>
          <Message>Test method CodeClub.TowersOfHanoi.UnitTests.GameStateTests.GameState_Equals_When_Towers_Are_Different_Should_Return_False threw exception: 
System.InvalidOperationException: Cannot stack disk 4 on top of a smaller disk 2.</Message>
          <StackTrace>    at CodeClub.TowersOfHanoi.Core.Tower.AddDiskToTop(Int32 diskToAdd) in C:\Development\CodeClub\CodeClub.TowersOfHanoi\src\CodeClub.TowersOfHanoi.Core\Tower.cs:line 56
   at CodeClub.TowersOfHanoi.UnitTests.GameStateTests.GameState_Equals_When_Towers_Are_Different_Should_Return_False() in C:\Development\CodeClub\CodeClub.TowersOfHanoi\test\CodeClub.TowersOfHanoi.UnitTests\GameStateTests.cs:line 83
</StackTrace>
        </ErrorInfo>
      </Output>
    </UnitTestResult>
    <UnitTestResult executionId="a06173f1-e812-428e-8c3a-cae9d9462678" testId="964aaf46-13f8-43d6-68ff-753342cdea2e" testName="Tower_Should_Add_Disks_To_Top_Of_Stack" computerName="SULACO" duration="00:00:00.0003882" startTime="2012-08-12T11:22:00.0425316-07:00" endTime="2012-08-12T11:22:00.0505321-07:00" testType="13cdc9d9-ddb5-4fa4-a97d-d965ccfc6d4b" outcome="Passed" testListId="8c84fa94-04c1-424b-9868-57a2d4851a1d" relativeResultsDirectory="a06173f1-e812-428e-8c3a-cae9d9462678">
    </UnitTestResult>
    <UnitTestResult executionId="7c83ae70-c2e3-4b9e-a461-446524330854" testId="3962244e-ea37-85fd-fe31-f8e1b9d1e867" testName="Tower_Get_Top_Disk_On_An_Empty_Stack_Of_Disks_Should_Return_Zero" computerName="SULACO" duration="00:00:00.0002115" startTime="2012-08-12T11:22:00.0525322-07:00" endTime="2012-08-12T11:22:00.0565324-07:00" testType="13cdc9d9-ddb5-4fa4-a97d-d965ccfc6d4b" outcome="Passed" testListId="8c84fa94-04c1-424b-9868-57a2d4851a1d" relativeResultsDirectory="7c83ae70-c2e3-4b9e-a461-446524330854">
    </UnitTestResult>
    <UnitTestResult executionId="4f1a4c1f-64a7-4f3e-beaf-778ccab2b54b" testId="20e92529-e083-d65d-65e9-af10407bfc01" testName="Tower_Can_Get_Disk_From_Top_Of_Stack" computerName="SULACO" duration="00:00:00.0002248" startTime="2012-08-12T11:22:00.0575325-07:00" endTime="2012-08-12T11:22:00.0635328-07:00" testType="13cdc9d9-ddb5-4fa4-a97d-d965ccfc6d4b" outcome="Passed" testListId="8c84fa94-04c1-424b-9868-57a2d4851a1d" relativeResultsDirectory="4f1a4c1f-64a7-4f3e-beaf-778ccab2b54b">
    </UnitTestResult>
    <UnitTestResult executionId="caaa8ca1-9852-4234-9bd4-c830cca30e10" testId="a06bbd9f-ae38-eb04-224e-818c9054f890" testName="Tower_Can_Add_Multipe_Disks_On_Top_Of_Each_Other" computerName="SULACO" duration="00:00:00.0002396" startTime="2012-08-12T11:22:00.0645329-07:00" endTime="2012-08-12T11:22:00.0695332-07:00" testType="13cdc9d9-ddb5-4fa4-a97d-d965ccfc6d4b" outcome="Passed" testListId="8c84fa94-04c1-424b-9868-57a2d4851a1d" relativeResultsDirectory="caaa8ca1-9852-4234-9bd4-c830cca30e10">
    </UnitTestResult>
    <UnitTestResult executionId="72387a93-7318-4ffb-8178-6007ff27b87e" testId="662dfa8c-86e2-a013-67d5-8fa83e37d264" testName="Tower_Cannot_Add_A_Larger_Disk_On_Top_Of_A_Smaller_Disk" computerName="SULACO" duration="00:00:00.0008446" startTime="2012-08-12T11:22:00.0715333-07:00" endTime="2012-08-12T11:22:00.0765336-07:00" testType="13cdc9d9-ddb5-4fa4-a97d-d965ccfc6d4b" outcome="Passed" testListId="8c84fa94-04c1-424b-9868-57a2d4851a1d" relativeResultsDirectory="72387a93-7318-4ffb-8178-6007ff27b87e">
    </UnitTestResult>
  </Results>
</TestRun>