<?xml version="1.0" encoding="UTF-8"?>
<TestRun id="d831d08f-9459-4938-a38d-ef1cbac5a9ab" name="Jeff@SULACO 2012-08-12 09:38:46" runUser="Sulaco\Jeff" xmlns="http://microsoft.com/schemas/VisualStudio/TeamTest/2010">
  <TestSettings name="Local" id="7d94643c-3780-40f8-8c47-ac01c13c0b0c">
    <Description>These are default test settings for a local test run.</Description>
    <Deployment enabled="false" runDeploymentRoot="Jeff_SULACO 2012-08-12 09_38_46">
      <DeploymentItem filename="C:\Development\CodeClub\CodeClub.TowersOfHanoi\src\CodeClub.TowersOfHanoi.Core\bin\Debug\CodeClub.TowersOfHanoi.Core.dll" />
    </Deployment>
    <Execution>
      <TestTypeSpecific />
      <AgentRule name="Execution Agents">
      </AgentRule>
    </Execution>
  </TestSettings>
  <Times creation="2012-08-12T09:38:46.5842861-07:00" queuing="2012-08-12T09:38:50.2334948-07:00" start="2012-08-12T09:38:50.3905038-07:00" finish="2012-08-12T09:39:08.9745667-07:00" />
  <ResultSummary outcome="Error">
    <Counters total="1" executed="1" error="0" failed="0" timeout="0" aborted="1" inconclusive="0" passedButRunAborted="0" notRunnable="0" notExecuted="0" disconnected="0" warning="0" passed="0" completed="0" inProgress="0" pending="0" />
    <RunInfos>
      <RunInfo computerName="SULACO" outcome="Error" timestamp="2012-08-12T09:39:08.9725666-07:00">
        <Text>Test host process exited unexpectedly.</Text>
      </RunInfo>
    </RunInfos>
  </ResultSummary>
  <TestDefinitions>
    <UnitTest name="GameState_Equals_When_Towers_Are_The_Same_Should_Return_True" storage="c:\development\codeclub\codeclub.towersofhanoi\test\codeclub.towersofhanoi.unittests\bin\debug\codeclub.towersofhanoi.unittests.dll" id="e7bf1e00-33c5-ae58-d41b-6004e8a3a3e9">
      <Execution id="b1d8ba96-6b2f-4050-87c7-e2ec67184571" />
      <TestMethod codeBase="C:/Development/CodeClub/CodeClub.TowersOfHanoi/test/CodeClub.TowersOfHanoi.UnitTests/bin/Debug/CodeClub.TowersOfHanoi.UnitTests.DLL" adapterTypeName="Microsoft.VisualStudio.TestTools.TestTypes.Unit.UnitTestAdapter, Microsoft.VisualStudio.QualityTools.Tips.UnitTest.Adapter, Version=10.0.0.0, Culture=neutral, PublicKeyToken=b03f5f7f11d50a3a" className="CodeClub.TowersOfHanoi.UnitTests.GameStateTests, CodeClub.TowersOfHanoi.UnitTests, Version=1.0.0.0, Culture=neutral, PublicKeyToken=null" name="GameState_Equals_When_Towers_Are_The_Same_Should_Return_True" />
    </UnitTest>
  </TestDefinitions>
  <TestLists>
    <TestList name="Results Not in a List" id="8c84fa94-04c1-424b-9868-57a2d4851a1d" />
    <TestList name="All Loaded Results" id="19431567-8539-422a-85d7-44ee4e166bda" />
  </TestLists>
  <TestEntries>
    <TestEntry testId="e7bf1e00-33c5-ae58-d41b-6004e8a3a3e9" executionId="b1d8ba96-6b2f-4050-87c7-e2ec67184571" testListId="8c84fa94-04c1-424b-9868-57a2d4851a1d" />
  </TestEntries>
  <Results>
    <UnitTestResult executionId="b1d8ba96-6b2f-4050-87c7-e2ec67184571" testId="e7bf1e00-33c5-ae58-d41b-6004e8a3a3e9" testName="GameState_Equals_When_Towers_Are_The_Same_Should_Return_True" computerName="SULACO" duration="00:00:18.4550556" startTime="2012-08-12T09:38:50.5185111-07:00" endTime="2012-08-12T09:39:08.9735667-07:00" testType="13cdc9d9-ddb5-4fa4-a97d-d965ccfc6d4b" outcome="Aborted" testListId="8c84fa94-04c1-424b-9868-57a2d4851a1d" relativeResultsDirectory="b1d8ba96-6b2f-4050-87c7-e2ec67184571">
    </UnitTestResult>
  </Results>
</TestRun>