<?xml version="1.0" encoding="UTF-8"?>
<TestRun id="59ef7c76-64bb-4e67-b3f8-a10bd61b3dad" name="Jeff@NOSTROMO 2012-08-30 21:34:58" runUser="Nostromo\Jeff" xmlns="http://microsoft.com/schemas/VisualStudio/TeamTest/2010">
  <TestSettings name="Local" id="a1dbf31c-c850-4916-af09-2a6406358f65">
    <Description>These are default test settings for a local test run.</Description>
    <Deployment enabled="false" runDeploymentRoot="Jeff_NOSTROMO 2012-08-30 21_34_58" />
    <Execution>
      <TestTypeSpecific />
      <AgentRule name="Execution Agents">
      </AgentRule>
    </Execution>
  </TestSettings>
  <Times creation="2012-08-30T21:34:58.4173988-07:00" queuing="2012-08-30T21:34:58.5974091-07:00" start="2012-08-30T21:34:58.6014093-07:00" finish="2012-08-30T21:34:58.7844198-07:00" />
  <ResultSummary outcome="Completed">
    <Counters total="1" executed="1" passed="1" error="0" failed="0" timeout="0" aborted="0" inconclusive="0" passedButRunAborted="0" notRunnable="0" notExecuted="0" disconnected="0" warning="0" completed="0" inProgress="0" pending="0" />
  </ResultSummary>
  <TestDefinitions>
    <UnitTest name="CountChangeCombinations_Coins_In_Mixed_Order_Without_A_Dollar_Coin" storage="c:\development\git repositories\codeclub\codeclub.changeforadollar\codeclub.changeforadollar\bin\debug\codeclub.changeforadollar.dll" id="6e03093f-c173-e78a-270e-0fabf0c32173">
      <Execution id="200b022c-201d-449a-a8c0-8f735d764cf5" />
      <TestMethod codeBase="C:/Development/Git Repositories/CodeClub/CodeClub.ChangeForADollar/CodeClub.ChangeForADollar/bin/Debug/CodeClub.ChangeForADollar.DLL" adapterTypeName="Microsoft.VisualStudio.TestTools.TestTypes.Unit.UnitTestAdapter, Microsoft.VisualStudio.QualityTools.Tips.UnitTest.Adapter, Version=10.0.0.0, Culture=neutral, PublicKeyToken=b03f5f7f11d50a3a" className="CodeClub.ChangeForADollar.UnitTest1, CodeClub.ChangeForADollar, Version=1.0.0.0, Culture=neutral, PublicKeyToken=null" name="CountChangeCombinations_Coins_In_Mixed_Order_Without_A_Dollar_Coin" />
    </UnitTest>
  </TestDefinitions>
  <TestLists>
    <TestList name="Results Not in a List" id="8c84fa94-04c1-424b-9868-57a2d4851a1d" />
    <TestList name="All Loaded Results" id="19431567-8539-422a-85d7-44ee4e166bda" />
  </TestLists>
  <TestEntries>
    <TestEntry testId="6e03093f-c173-e78a-270e-0fabf0c32173" executionId="200b022c-201d-449a-a8c0-8f735d764cf5" testListId="8c84fa94-04c1-424b-9868-57a2d4851a1d" />
  </TestEntries>
  <Results>
    <UnitTestResult executionId="200b022c-201d-449a-a8c0-8f735d764cf5" testId="6e03093f-c173-e78a-270e-0fabf0c32173" testName="CountChangeCombinations_Coins_In_Mixed_Order_Without_A_Dollar_Coin" computerName="NOSTROMO" duration="00:00:00.0097159" startTime="2012-08-30T21:34:58.6034094-07:00" endTime="2012-08-30T21:34:58.7734192-07:00" testType="13cdc9d9-ddb5-4fa4-a97d-d965ccfc6d4b" outcome="Passed" testListId="8c84fa94-04c1-424b-9868-57a2d4851a1d" relativeResultsDirectory="200b022c-201d-449a-a8c0-8f735d764cf5">
    </UnitTestResult>
  </Results>
</TestRun>