<?xml version="1.0" encoding="UTF-8"?>
<TestRun id="e348ea57-8b95-454c-bba1-f01a5fd3c9b3" name="Jeff@NOSTROMO 2012-08-30 21:12:27" runUser="Nostromo\Jeff" xmlns="http://microsoft.com/schemas/VisualStudio/TeamTest/2010">
  <TestSettings name="Local" id="a1dbf31c-c850-4916-af09-2a6406358f65">
    <Description>These are default test settings for a local test run.</Description>
    <Deployment enabled="false" runDeploymentRoot="Jeff_NOSTROMO 2012-08-30 21_12_27" />
    <Execution>
      <TestTypeSpecific />
      <AgentRule name="Execution Agents">
      </AgentRule>
    </Execution>
  </TestSettings>
  <Times creation="2012-08-30T21:12:27.0651059-07:00" queuing="2012-08-30T21:12:27.2991192-07:00" start="2012-08-30T21:12:27.3411216-07:00" finish="2012-08-30T21:12:27.6101370-07:00" />
  <ResultSummary outcome="Failed">
    <Counters total="1" executed="1" error="0" failed="1" timeout="0" aborted="0" inconclusive="0" passedButRunAborted="0" notRunnable="0" notExecuted="0" disconnected="0" warning="0" passed="0" completed="0" inProgress="0" pending="0" />
  </ResultSummary>
  <TestDefinitions>
    <UnitTest name="MakeChange_For_A_Dollar_In_Ascending_Order_Including_A_Dollar_Coin" storage="c:\development\git repositories\codeclub\codeclub.changeforadollar\codeclub.changeforadollar\bin\debug\codeclub.changeforadollar.dll" id="e9517030-fba3-39cb-9a95-72eb1419d19c">
      <Execution id="bfdccb96-337c-4f10-bdef-13aa5150e522" />
      <TestMethod codeBase="C:/Development/Git Repositories/CodeClub/CodeClub.ChangeForADollar/CodeClub.ChangeForADollar/bin/Debug/CodeClub.ChangeForADollar.DLL" adapterTypeName="Microsoft.VisualStudio.TestTools.TestTypes.Unit.UnitTestAdapter, Microsoft.VisualStudio.QualityTools.Tips.UnitTest.Adapter, Version=10.0.0.0, Culture=neutral, PublicKeyToken=b03f5f7f11d50a3a" className="CodeClub.ChangeForADollar.UnitTest1, CodeClub.ChangeForADollar, Version=1.0.0.0, Culture=neutral, PublicKeyToken=null" name="MakeChange_For_A_Dollar_In_Ascending_Order_Including_A_Dollar_Coin" />
    </UnitTest>
  </TestDefinitions>
  <TestLists>
    <TestList name="Results Not in a List" id="8c84fa94-04c1-424b-9868-57a2d4851a1d" />
    <TestList name="All Loaded Results" id="19431567-8539-422a-85d7-44ee4e166bda" />
  </TestLists>
  <TestEntries>
    <TestEntry testId="e9517030-fba3-39cb-9a95-72eb1419d19c" executionId="bfdccb96-337c-4f10-bdef-13aa5150e522" testListId="8c84fa94-04c1-424b-9868-57a2d4851a1d" />
  </TestEntries>
  <Results>
    <UnitTestResult executionId="bfdccb96-337c-4f10-bdef-13aa5150e522" testId="e9517030-fba3-39cb-9a95-72eb1419d19c" testName="MakeChange_For_A_Dollar_In_Ascending_Order_Including_A_Dollar_Coin" computerName="NOSTROMO" duration="00:00:00.0598639" startTime="2012-08-30T21:12:27.3341212-07:00" endTime="2012-08-30T21:12:27.5951362-07:00" testType="13cdc9d9-ddb5-4fa4-a97d-d965ccfc6d4b" outcome="Failed" testListId="8c84fa94-04c1-424b-9868-57a2d4851a1d" relativeResultsDirectory="bfdccb96-337c-4f10-bdef-13aa5150e522">
      <Output>
        <ErrorInfo>
          <Message>Assert.AreEqual failed. Expected:&lt;293&gt;. Actual:&lt;292&gt;. </Message>
          <StackTrace>   at CodeClub.ChangeForADollar.UnitTest1.MakeChange_For_A_Dollar_In_Ascending_Order_Including_A_Dollar_Coin() in C:\Development\Git Repositories\CodeClub\CodeClub.ChangeForADollar\CodeClub.ChangeForADollar\ChangeForADollarTests.cs:line 192
</StackTrace>
        </ErrorInfo>
      </Output>
    </UnitTestResult>
  </Results>
</TestRun>