<?xml version="1.0" encoding="UTF-8"?>
<TestRun id="0fff69d0-0df7-4f6c-9d79-be999613a64d" name="Jeff@NOSTROMO 2012-08-30 21:34:27" runUser="Nostromo\Jeff" xmlns="http://microsoft.com/schemas/VisualStudio/TeamTest/2010">
  <TestSettings name="Local" id="a1dbf31c-c850-4916-af09-2a6406358f65">
    <Description>These are default test settings for a local test run.</Description>
    <Deployment enabled="false" runDeploymentRoot="Jeff_NOSTROMO 2012-08-30 21_34_27" />
    <Execution>
      <TestTypeSpecific />
      <AgentRule name="Execution Agents">
      </AgentRule>
    </Execution>
  </TestSettings>
  <Times creation="2012-08-30T21:34:27.2616168-07:00" queuing="2012-08-30T21:34:27.5226317-07:00" start="2012-08-30T21:34:27.5516334-07:00" finish="2012-08-30T21:34:27.7926472-07:00" />
  <ResultSummary outcome="Completed">
    <Counters total="1" executed="1" passed="1" error="0" failed="0" timeout="0" aborted="0" inconclusive="0" passedButRunAborted="0" notRunnable="0" notExecuted="0" disconnected="0" warning="0" completed="0" inProgress="0" pending="0" />
  </ResultSummary>
  <TestDefinitions>
    <UnitTest name="CountChangeCombinations_Coins_In_Mixed_Order_Including_A_Dollar_Coin" storage="c:\development\git repositories\codeclub\codeclub.changeforadollar\codeclub.changeforadollar\bin\debug\codeclub.changeforadollar.dll" id="11a96a9d-7cc6-c55c-17f3-d40ae444b475">
      <Execution id="b0fd6563-c719-4249-9533-9325eecfbbe7" />
      <TestMethod codeBase="C:/Development/Git Repositories/CodeClub/CodeClub.ChangeForADollar/CodeClub.ChangeForADollar/bin/Debug/CodeClub.ChangeForADollar.DLL" adapterTypeName="Microsoft.VisualStudio.TestTools.TestTypes.Unit.UnitTestAdapter, Microsoft.VisualStudio.QualityTools.Tips.UnitTest.Adapter, Version=10.0.0.0, Culture=neutral, PublicKeyToken=b03f5f7f11d50a3a" className="CodeClub.ChangeForADollar.UnitTest1, CodeClub.ChangeForADollar, Version=1.0.0.0, Culture=neutral, PublicKeyToken=null" name="CountChangeCombinations_Coins_In_Mixed_Order_Including_A_Dollar_Coin" />
    </UnitTest>
  </TestDefinitions>
  <TestLists>
    <TestList name="Results Not in a List" id="8c84fa94-04c1-424b-9868-57a2d4851a1d" />
    <TestList name="All Loaded Results" id="19431567-8539-422a-85d7-44ee4e166bda" />
  </TestLists>
  <TestEntries>
    <TestEntry testId="11a96a9d-7cc6-c55c-17f3-d40ae444b475" executionId="b0fd6563-c719-4249-9533-9325eecfbbe7" testListId="8c84fa94-04c1-424b-9868-57a2d4851a1d" />
  </TestEntries>
  <Results>
    <UnitTestResult executionId="b0fd6563-c719-4249-9533-9325eecfbbe7" testId="11a96a9d-7cc6-c55c-17f3-d40ae444b475" testName="CountChangeCombinations_Coins_In_Mixed_Order_Including_A_Dollar_Coin" computerName="NOSTROMO" duration="00:00:00.0108461" startTime="2012-08-30T21:34:27.5606339-07:00" endTime="2012-08-30T21:34:27.7776463-07:00" testType="13cdc9d9-ddb5-4fa4-a97d-d965ccfc6d4b" outcome="Passed" testListId="8c84fa94-04c1-424b-9868-57a2d4851a1d" relativeResultsDirectory="b0fd6563-c719-4249-9533-9325eecfbbe7">
    </UnitTestResult>
  </Results>
</TestRun>