<?xml version="1.0" encoding="UTF-8"?>
<TestRun id="24520df9-6808-4ffd-a950-233b49a0fcb1" name="Jeff@NOSTROMO 2012-08-31 07:53:12" runUser="Nostromo\Jeff" xmlns="http://microsoft.com/schemas/VisualStudio/TeamTest/2010">
  <TestSettings name="Local" id="a1dbf31c-c850-4916-af09-2a6406358f65">
    <Description>These are default test settings for a local test run.</Description>
    <Deployment enabled="false" runDeploymentRoot="Jeff_NOSTROMO 2012-08-31 07_53_12" />
    <Execution>
      <TestTypeSpecific />
      <AgentRule name="Execution Agents">
      </AgentRule>
    </Execution>
  </TestSettings>
  <Times creation="2012-08-31T07:53:12.1760404-07:00" queuing="2012-08-31T07:53:12.6100653-07:00" start="2012-08-31T07:53:12.6500675-07:00" finish="2012-08-31T07:53:12.9020820-07:00" />
  <ResultSummary outcome="Completed">
    <Counters total="6" executed="6" passed="6" error="0" failed="0" timeout="0" aborted="0" inconclusive="0" passedButRunAborted="0" notRunnable="0" notExecuted="0" disconnected="0" warning="0" completed="0" inProgress="0" pending="0" />
  </ResultSummary>
  <TestDefinitions>
    <UnitTest name="CountChangeCombinations_Coins_In_Mixed_Order_Including_A_Dollar_Coin" storage="c:\development\git repositories\codeclub\codeclub.changeforadollar\codeclub.changeforadollar\bin\debug\codeclub.changeforadollar.dll" id="11a96a9d-7cc6-c55c-17f3-d40ae444b475">
      <Execution id="30ed43cf-2205-4026-8a08-6d0e8f09f73b" />
      <TestMethod codeBase="C:/Development/Git Repositories/CodeClub/CodeClub.ChangeForADollar/CodeClub.ChangeForADollar/bin/Debug/CodeClub.ChangeForADollar.DLL" adapterTypeName="Microsoft.VisualStudio.TestTools.TestTypes.Unit.UnitTestAdapter, Microsoft.VisualStudio.QualityTools.Tips.UnitTest.Adapter, Version=10.0.0.0, Culture=neutral, PublicKeyToken=b03f5f7f11d50a3a" className="CodeClub.ChangeForADollar.UnitTest1, CodeClub.ChangeForADollar, Version=1.0.0.0, Culture=neutral, PublicKeyToken=null" name="CountChangeCombinations_Coins_In_Mixed_Order_Including_A_Dollar_Coin" />
    </UnitTest>
    <UnitTest name="CountChangeCombinations_Coins_In_Ascending_Order_Including_A_Dollar_Coin" storage="c:\development\git repositories\codeclub\codeclub.changeforadollar\codeclub.changeforadollar\bin\debug\codeclub.changeforadollar.dll" id="9b2dd93c-0477-ac18-46f1-af83383b7d08">
      <Execution id="fe8d2e4f-f2d8-40cd-bbf5-31c7ee7a0a02" />
      <TestMethod codeBase="C:/Development/Git Repositories/CodeClub/CodeClub.ChangeForADollar/CodeClub.ChangeForADollar/bin/Debug/CodeClub.ChangeForADollar.DLL" adapterTypeName="Microsoft.VisualStudio.TestTools.TestTypes.Unit.UnitTestAdapter, Microsoft.VisualStudio.QualityTools.Tips.UnitTest.Adapter, Version=10.0.0.0, Culture=neutral, PublicKeyToken=b03f5f7f11d50a3a" className="CodeClub.ChangeForADollar.UnitTest1, CodeClub.ChangeForADollar, Version=1.0.0.0, Culture=neutral, PublicKeyToken=null" name="CountChangeCombinations_Coins_In_Ascending_Order_Including_A_Dollar_Coin" />
    </UnitTest>
    <UnitTest name="CountChangeCombinations_Coins_In_Descending_Order_Including_A_Dollar_Coin" storage="c:\development\git repositories\codeclub\codeclub.changeforadollar\codeclub.changeforadollar\bin\debug\codeclub.changeforadollar.dll" id="d5a4bfe4-a7ea-50f9-30b3-221b2aa63067">
      <Execution id="6cc83994-7b91-4b12-a60f-cf68d7ece8f4" />
      <TestMethod codeBase="C:/Development/Git Repositories/CodeClub/CodeClub.ChangeForADollar/CodeClub.ChangeForADollar/bin/Debug/CodeClub.ChangeForADollar.DLL" adapterTypeName="Microsoft.VisualStudio.TestTools.TestTypes.Unit.UnitTestAdapter, Microsoft.VisualStudio.QualityTools.Tips.UnitTest.Adapter, Version=10.0.0.0, Culture=neutral, PublicKeyToken=b03f5f7f11d50a3a" className="CodeClub.ChangeForADollar.UnitTest1, CodeClub.ChangeForADollar, Version=1.0.0.0, Culture=neutral, PublicKeyToken=null" name="CountChangeCombinations_Coins_In_Descending_Order_Including_A_Dollar_Coin" />
    </UnitTest>
    <UnitTest name="CountChangeCombinations_Coins_In_Ascending_Order_Without_A_Dollar_Coin" storage="c:\development\git repositories\codeclub\codeclub.changeforadollar\codeclub.changeforadollar\bin\debug\codeclub.changeforadollar.dll" id="6f540ce2-28fa-f7da-078a-7783abf43817">
      <Execution id="73ab036d-77a6-4237-ac00-796573a89b47" />
      <TestMethod codeBase="C:/Development/Git Repositories/CodeClub/CodeClub.ChangeForADollar/CodeClub.ChangeForADollar/bin/Debug/CodeClub.ChangeForADollar.DLL" adapterTypeName="Microsoft.VisualStudio.TestTools.TestTypes.Unit.UnitTestAdapter, Microsoft.VisualStudio.QualityTools.Tips.UnitTest.Adapter, Version=10.0.0.0, Culture=neutral, PublicKeyToken=b03f5f7f11d50a3a" className="CodeClub.ChangeForADollar.UnitTest1, CodeClub.ChangeForADollar, Version=1.0.0.0, Culture=neutral, PublicKeyToken=null" name="CountChangeCombinations_Coins_In_Ascending_Order_Without_A_Dollar_Coin" />
    </UnitTest>
    <UnitTest name="CountChangeCombinations_Coins_In_Mixed_Order_Without_A_Dollar_Coin" storage="c:\development\git repositories\codeclub\codeclub.changeforadollar\codeclub.changeforadollar\bin\debug\codeclub.changeforadollar.dll" id="6e03093f-c173-e78a-270e-0fabf0c32173">
      <Execution id="87b4b1d8-c11c-4a6e-893d-8856f0d8cf16" />
      <TestMethod codeBase="C:/Development/Git Repositories/CodeClub/CodeClub.ChangeForADollar/CodeClub.ChangeForADollar/bin/Debug/CodeClub.ChangeForADollar.DLL" adapterTypeName="Microsoft.VisualStudio.TestTools.TestTypes.Unit.UnitTestAdapter, Microsoft.VisualStudio.QualityTools.Tips.UnitTest.Adapter, Version=10.0.0.0, Culture=neutral, PublicKeyToken=b03f5f7f11d50a3a" className="CodeClub.ChangeForADollar.UnitTest1, CodeClub.ChangeForADollar, Version=1.0.0.0, Culture=neutral, PublicKeyToken=null" name="CountChangeCombinations_Coins_In_Mixed_Order_Without_A_Dollar_Coin" />
    </UnitTest>
    <UnitTest name="CountChangeCombinations_Coins_In_Descending_Order_Without_A_Dollar_Coin" storage="c:\development\git repositories\codeclub\codeclub.changeforadollar\codeclub.changeforadollar\bin\debug\codeclub.changeforadollar.dll" id="5eb313d0-5ae8-0157-65d7-9d5edb0f4448">
      <Execution id="e752a26b-a386-4493-8ad2-52bf2bf92ff8" />
      <TestMethod codeBase="C:/Development/Git Repositories/CodeClub/CodeClub.ChangeForADollar/CodeClub.ChangeForADollar/bin/Debug/CodeClub.ChangeForADollar.DLL" adapterTypeName="Microsoft.VisualStudio.TestTools.TestTypes.Unit.UnitTestAdapter, Microsoft.VisualStudio.QualityTools.Tips.UnitTest.Adapter, Version=10.0.0.0, Culture=neutral, PublicKeyToken=b03f5f7f11d50a3a" className="CodeClub.ChangeForADollar.UnitTest1, CodeClub.ChangeForADollar, Version=1.0.0.0, Culture=neutral, PublicKeyToken=null" name="CountChangeCombinations_Coins_In_Descending_Order_Without_A_Dollar_Coin" />
    </UnitTest>
  </TestDefinitions>
  <TestLists>
    <TestList name="Results Not in a List" id="8c84fa94-04c1-424b-9868-57a2d4851a1d" />
    <TestList name="All Loaded Results" id="19431567-8539-422a-85d7-44ee4e166bda" />
  </TestLists>
  <TestEntries>
    <TestEntry testId="d5a4bfe4-a7ea-50f9-30b3-221b2aa63067" executionId="6cc83994-7b91-4b12-a60f-cf68d7ece8f4" testListId="8c84fa94-04c1-424b-9868-57a2d4851a1d" />
    <TestEntry testId="5eb313d0-5ae8-0157-65d7-9d5edb0f4448" executionId="e752a26b-a386-4493-8ad2-52bf2bf92ff8" testListId="8c84fa94-04c1-424b-9868-57a2d4851a1d" />
    <TestEntry testId="9b2dd93c-0477-ac18-46f1-af83383b7d08" executionId="fe8d2e4f-f2d8-40cd-bbf5-31c7ee7a0a02" testListId="8c84fa94-04c1-424b-9868-57a2d4851a1d" />
    <TestEntry testId="6f540ce2-28fa-f7da-078a-7783abf43817" executionId="73ab036d-77a6-4237-ac00-796573a89b47" testListId="8c84fa94-04c1-424b-9868-57a2d4851a1d" />
    <TestEntry testId="11a96a9d-7cc6-c55c-17f3-d40ae444b475" executionId="30ed43cf-2205-4026-8a08-6d0e8f09f73b" testListId="8c84fa94-04c1-424b-9868-57a2d4851a1d" />
    <TestEntry testId="6e03093f-c173-e78a-270e-0fabf0c32173" executionId="87b4b1d8-c11c-4a6e-893d-8856f0d8cf16" testListId="8c84fa94-04c1-424b-9868-57a2d4851a1d" />
  </TestEntries>
  <Results>
    <UnitTestResult executionId="6cc83994-7b91-4b12-a60f-cf68d7ece8f4" testId="d5a4bfe4-a7ea-50f9-30b3-221b2aa63067" testName="CountChangeCombinations_Coins_In_Descending_Order_Including_A_Dollar_Coin" computerName="NOSTROMO" duration="00:00:00.0114600" startTime="2012-08-31T07:53:12.6590681-07:00" endTime="2012-08-31T07:53:12.8710802-07:00" testType="13cdc9d9-ddb5-4fa4-a97d-d965ccfc6d4b" outcome="Passed" testListId="8c84fa94-04c1-424b-9868-57a2d4851a1d" relativeResultsDirectory="6cc83994-7b91-4b12-a60f-cf68d7ece8f4">
    </UnitTestResult>
    <UnitTestResult executionId="e752a26b-a386-4493-8ad2-52bf2bf92ff8" testId="5eb313d0-5ae8-0157-65d7-9d5edb0f4448" testName="CountChangeCombinations_Coins_In_Descending_Order_Without_A_Dollar_Coin" computerName="NOSTROMO" duration="00:00:00.0009231" startTime="2012-08-31T07:53:12.8720802-07:00" endTime="2012-08-31T07:53:12.8750804-07:00" testType="13cdc9d9-ddb5-4fa4-a97d-d965ccfc6d4b" outcome="Passed" testListId="8c84fa94-04c1-424b-9868-57a2d4851a1d" relativeResultsDirectory="e752a26b-a386-4493-8ad2-52bf2bf92ff8">
    </UnitTestResult>
    <UnitTestResult executionId="fe8d2e4f-f2d8-40cd-bbf5-31c7ee7a0a02" testId="9b2dd93c-0477-ac18-46f1-af83383b7d08" testName="CountChangeCombinations_Coins_In_Ascending_Order_Including_A_Dollar_Coin" computerName="NOSTROMO" duration="00:00:00.0004240" startTime="2012-08-31T07:53:12.8750804-07:00" endTime="2012-08-31T07:53:12.8780806-07:00" testType="13cdc9d9-ddb5-4fa4-a97d-d965ccfc6d4b" outcome="Passed" testListId="8c84fa94-04c1-424b-9868-57a2d4851a1d" relativeResultsDirectory="fe8d2e4f-f2d8-40cd-bbf5-31c7ee7a0a02">
    </UnitTestResult>
    <UnitTestResult executionId="73ab036d-77a6-4237-ac00-796573a89b47" testId="6f540ce2-28fa-f7da-078a-7783abf43817" testName="CountChangeCombinations_Coins_In_Ascending_Order_Without_A_Dollar_Coin" computerName="NOSTROMO" duration="00:00:00.0003755" startTime="2012-08-31T07:53:12.8780806-07:00" endTime="2012-08-31T07:53:12.8810808-07:00" testType="13cdc9d9-ddb5-4fa4-a97d-d965ccfc6d4b" outcome="Passed" testListId="8c84fa94-04c1-424b-9868-57a2d4851a1d" relativeResultsDirectory="73ab036d-77a6-4237-ac00-796573a89b47">
    </UnitTestResult>
    <UnitTestResult executionId="30ed43cf-2205-4026-8a08-6d0e8f09f73b" testId="11a96a9d-7cc6-c55c-17f3-d40ae444b475" testName="CountChangeCombinations_Coins_In_Mixed_Order_Including_A_Dollar_Coin" computerName="NOSTROMO" duration="00:00:00.0004819" startTime="2012-08-31T07:53:12.8810808-07:00" endTime="2012-08-31T07:53:12.8840809-07:00" testType="13cdc9d9-ddb5-4fa4-a97d-d965ccfc6d4b" outcome="Passed" testListId="8c84fa94-04c1-424b-9868-57a2d4851a1d" relativeResultsDirectory="30ed43cf-2205-4026-8a08-6d0e8f09f73b">
    </UnitTestResult>
    <UnitTestResult executionId="87b4b1d8-c11c-4a6e-893d-8856f0d8cf16" testId="6e03093f-c173-e78a-270e-0fabf0c32173" testName="CountChangeCombinations_Coins_In_Mixed_Order_Without_A_Dollar_Coin" computerName="NOSTROMO" duration="00:00:00.0004272" startTime="2012-08-31T07:53:12.8840809-07:00" endTime="2012-08-31T07:53:12.8870811-07:00" testType="13cdc9d9-ddb5-4fa4-a97d-d965ccfc6d4b" outcome="Passed" testListId="8c84fa94-04c1-424b-9868-57a2d4851a1d" relativeResultsDirectory="87b4b1d8-c11c-4a6e-893d-8856f0d8cf16">
    </UnitTestResult>
  </Results>
</TestRun>