<?xml version="1.0" encoding="UTF-8"?>
<TestRun id="81608eb8-9f5b-4f6c-bed9-ba67679052e6" name="Jeff@NOSTROMO 2012-08-30 21:07:57" runUser="Nostromo\Jeff" xmlns="http://microsoft.com/schemas/VisualStudio/TeamTest/2010">
  <TestSettings name="Local" id="a1dbf31c-c850-4916-af09-2a6406358f65">
    <Description>These are default test settings for a local test run.</Description>
    <Deployment enabled="false" runDeploymentRoot="Jeff_NOSTROMO 2012-08-30 21_07_57" />
    <Execution>
      <TestTypeSpecific />
      <AgentRule name="Execution Agents">
      </AgentRule>
    </Execution>
  </TestSettings>
  <Times creation="2012-08-30T21:07:57.4056822-07:00" queuing="2012-08-30T21:07:58.3017335-07:00" start="2012-08-30T21:07:58.4797437-07:00" finish="2012-08-30T21:08:04.7841042-07:00" />
  <ResultSummary outcome="Error">
    <Counters total="1" executed="1" error="0" failed="0" timeout="0" aborted="1" inconclusive="0" passedButRunAborted="0" notRunnable="0" notExecuted="0" disconnected="0" warning="0" passed="0" completed="0" inProgress="0" pending="0" />
    <RunInfos>
      <RunInfo computerName="NOSTROMO" outcome="Error" timestamp="2012-08-30T21:08:04.7841042-07:00">
        <Text>Test host process exited unexpectedly.</Text>
      </RunInfo>
    </RunInfos>
  </ResultSummary>
  <TestDefinitions>
    <UnitTest name="MakeChange_For_A_Dollar_Including_A_Dollar_Coin" storage="c:\development\git repositories\codeclub\codeclub.changeforadollar\codeclub.changeforadollar\bin\debug\codeclub.changeforadollar.dll" id="5c05ccce-2ca3-4f00-de20-5b04f0a803aa">
      <Execution id="f4293451-4fce-4b30-af88-c96e4d37fb2c" />
      <TestMethod codeBase="C:/Development/Git Repositories/CodeClub/CodeClub.ChangeForADollar/CodeClub.ChangeForADollar/bin/Debug/CodeClub.ChangeForADollar.DLL" adapterTypeName="Microsoft.VisualStudio.TestTools.TestTypes.Unit.UnitTestAdapter, Microsoft.VisualStudio.QualityTools.Tips.UnitTest.Adapter, Version=10.0.0.0, Culture=neutral, PublicKeyToken=b03f5f7f11d50a3a" className="CodeClub.ChangeForADollar.UnitTest1, CodeClub.ChangeForADollar, Version=1.0.0.0, Culture=neutral, PublicKeyToken=null" name="MakeChange_For_A_Dollar_Including_A_Dollar_Coin" />
    </UnitTest>
  </TestDefinitions>
  <TestLists>
    <TestList name="Results Not in a List" id="8c84fa94-04c1-424b-9868-57a2d4851a1d" />
    <TestList name="All Loaded Results" id="19431567-8539-422a-85d7-44ee4e166bda" />
  </TestLists>
  <TestEntries>
    <TestEntry testId="5c05ccce-2ca3-4f00-de20-5b04f0a803aa" executionId="f4293451-4fce-4b30-af88-c96e4d37fb2c" testListId="8c84fa94-04c1-424b-9868-57a2d4851a1d" />
  </TestEntries>
  <Results>
    <UnitTestResult executionId="f4293451-4fce-4b30-af88-c96e4d37fb2c" testId="5c05ccce-2ca3-4f00-de20-5b04f0a803aa" testName="MakeChange_For_A_Dollar_Including_A_Dollar_Coin" computerName="NOSTROMO" duration="00:00:06.1333508" startTime="2012-08-30T21:07:58.6507534-07:00" endTime="2012-08-30T21:08:04.7841042-07:00" testType="13cdc9d9-ddb5-4fa4-a97d-d965ccfc6d4b" outcome="Aborted" testListId="8c84fa94-04c1-424b-9868-57a2d4851a1d" relativeResultsDirectory="f4293451-4fce-4b30-af88-c96e4d37fb2c">
    </UnitTestResult>
  </Results>
</TestRun>