<?xml version="1.0" encoding="UTF-8"?>
<TestRun id="f587023e-4c24-419b-b061-663b9b5b63ec" name="Jeff@NOSTROMO 2012-08-30 21:12:39" runUser="Nostromo\Jeff" xmlns="http://microsoft.com/schemas/VisualStudio/TeamTest/2010">
  <TestSettings name="Local" id="a1dbf31c-c850-4916-af09-2a6406358f65">
    <Description>These are default test settings for a local test run.</Description>
    <Deployment enabled="false" runDeploymentRoot="Jeff_NOSTROMO 2012-08-30 21_12_39" />
    <Execution>
      <TestTypeSpecific />
      <AgentRule name="Execution Agents">
      </AgentRule>
    </Execution>
  </TestSettings>
  <Times creation="2012-08-30T21:12:39.2458026-07:00" queuing="2012-08-30T21:12:40.3538659-07:00" start="2012-08-30T21:12:40.5298760-07:00" finish="2012-08-30T21:12:47.7192872-07:00" />
  <ResultSummary outcome="Completed">
    <Counters total="3" executed="3" passed="3" error="0" failed="0" timeout="0" aborted="0" inconclusive="0" passedButRunAborted="0" notRunnable="0" notExecuted="0" disconnected="0" warning="0" completed="0" inProgress="0" pending="0" />
  </ResultSummary>
  <TestDefinitions>
    <UnitTest name="MakeChange_For_A_Dollar_Without_A_Dollar_Coin" storage="c:\development\git repositories\codeclub\codeclub.changeforadollar\codeclub.changeforadollar\bin\debug\codeclub.changeforadollar.dll" id="7664a8ac-0db9-46fd-2dc4-7317684e08cf">
      <Execution id="5a8ea28f-775e-4178-b00b-d4af4e46ba52" />
      <TestMethod codeBase="C:/Development/Git Repositories/CodeClub/CodeClub.ChangeForADollar/CodeClub.ChangeForADollar/bin/Debug/CodeClub.ChangeForADollar.DLL" adapterTypeName="Microsoft.VisualStudio.TestTools.TestTypes.Unit.UnitTestAdapter, Microsoft.VisualStudio.QualityTools.Tips.UnitTest.Adapter, Version=10.0.0.0, Culture=neutral, PublicKeyToken=b03f5f7f11d50a3a" className="CodeClub.ChangeForADollar.UnitTest1, CodeClub.ChangeForADollar, Version=1.0.0.0, Culture=neutral, PublicKeyToken=null" name="MakeChange_For_A_Dollar_Without_A_Dollar_Coin" />
    </UnitTest>
    <UnitTest name="MakeChange_For_A_Dollar_Including_A_Dollar_Coin" storage="c:\development\git repositories\codeclub\codeclub.changeforadollar\codeclub.changeforadollar\bin\debug\codeclub.changeforadollar.dll" id="5c05ccce-2ca3-4f00-de20-5b04f0a803aa">
      <Execution id="8bd26ff0-09fe-4f27-b165-7beb3d6ad8d2" />
      <TestMethod codeBase="C:/Development/Git Repositories/CodeClub/CodeClub.ChangeForADollar/CodeClub.ChangeForADollar/bin/Debug/CodeClub.ChangeForADollar.DLL" adapterTypeName="Microsoft.VisualStudio.TestTools.TestTypes.Unit.UnitTestAdapter, Microsoft.VisualStudio.QualityTools.Tips.UnitTest.Adapter, Version=10.0.0.0, Culture=neutral, PublicKeyToken=b03f5f7f11d50a3a" className="CodeClub.ChangeForADollar.UnitTest1, CodeClub.ChangeForADollar, Version=1.0.0.0, Culture=neutral, PublicKeyToken=null" name="MakeChange_For_A_Dollar_Including_A_Dollar_Coin" />
    </UnitTest>
    <UnitTest name="MakeChange_For_A_Dollar_In_Ascending_Order_Including_A_Dollar_Coin" storage="c:\development\git repositories\codeclub\codeclub.changeforadollar\codeclub.changeforadollar\bin\debug\codeclub.changeforadollar.dll" id="e9517030-fba3-39cb-9a95-72eb1419d19c">
      <Execution id="04b171a2-59f0-4bc3-9f85-f12cbd50637c" />
      <TestMethod codeBase="C:/Development/Git Repositories/CodeClub/CodeClub.ChangeForADollar/CodeClub.ChangeForADollar/bin/Debug/CodeClub.ChangeForADollar.DLL" adapterTypeName="Microsoft.VisualStudio.TestTools.TestTypes.Unit.UnitTestAdapter, Microsoft.VisualStudio.QualityTools.Tips.UnitTest.Adapter, Version=10.0.0.0, Culture=neutral, PublicKeyToken=b03f5f7f11d50a3a" className="CodeClub.ChangeForADollar.UnitTest1, CodeClub.ChangeForADollar, Version=1.0.0.0, Culture=neutral, PublicKeyToken=null" name="MakeChange_For_A_Dollar_In_Ascending_Order_Including_A_Dollar_Coin" />
    </UnitTest>
  </TestDefinitions>
  <TestLists>
    <TestList name="Results Not in a List" id="8c84fa94-04c1-424b-9868-57a2d4851a1d" />
    <TestList name="All Loaded Results" id="19431567-8539-422a-85d7-44ee4e166bda" />
  </TestLists>
  <TestEntries>
    <TestEntry testId="5c05ccce-2ca3-4f00-de20-5b04f0a803aa" executionId="8bd26ff0-09fe-4f27-b165-7beb3d6ad8d2" testListId="8c84fa94-04c1-424b-9868-57a2d4851a1d" />
    <TestEntry testId="7664a8ac-0db9-46fd-2dc4-7317684e08cf" executionId="5a8ea28f-775e-4178-b00b-d4af4e46ba52" testListId="8c84fa94-04c1-424b-9868-57a2d4851a1d" />
    <TestEntry testId="e9517030-fba3-39cb-9a95-72eb1419d19c" executionId="04b171a2-59f0-4bc3-9f85-f12cbd50637c" testListId="8c84fa94-04c1-424b-9868-57a2d4851a1d" />
  </TestEntries>
  <Results>
    <UnitTestResult executionId="8bd26ff0-09fe-4f27-b165-7beb3d6ad8d2" testId="5c05ccce-2ca3-4f00-de20-5b04f0a803aa" testName="MakeChange_For_A_Dollar_Including_A_Dollar_Coin" computerName="NOSTROMO" duration="00:00:04.3060429" startTime="2012-08-30T21:12:40.7038860-07:00" endTime="2012-08-30T21:12:45.7621753-07:00" testType="13cdc9d9-ddb5-4fa4-a97d-d965ccfc6d4b" outcome="Passed" testListId="8c84fa94-04c1-424b-9868-57a2d4851a1d" relativeResultsDirectory="8bd26ff0-09fe-4f27-b165-7beb3d6ad8d2">
    </UnitTestResult>
    <UnitTestResult executionId="5a8ea28f-775e-4178-b00b-d4af4e46ba52" testId="7664a8ac-0db9-46fd-2dc4-7317684e08cf" testName="MakeChange_For_A_Dollar_Without_A_Dollar_Coin" computerName="NOSTROMO" duration="00:00:01.8794116" startTime="2012-08-30T21:12:45.7711758-07:00" endTime="2012-08-30T21:12:47.6562836-07:00" testType="13cdc9d9-ddb5-4fa4-a97d-d965ccfc6d4b" outcome="Passed" testListId="8c84fa94-04c1-424b-9868-57a2d4851a1d" relativeResultsDirectory="5a8ea28f-775e-4178-b00b-d4af4e46ba52">
    </UnitTestResult>
    <UnitTestResult executionId="04b171a2-59f0-4bc3-9f85-f12cbd50637c" testId="e9517030-fba3-39cb-9a95-72eb1419d19c" testName="MakeChange_For_A_Dollar_In_Ascending_Order_Including_A_Dollar_Coin" computerName="NOSTROMO" duration="00:00:00.0007244" startTime="2012-08-30T21:12:47.6702844-07:00" endTime="2012-08-30T21:12:47.6782849-07:00" testType="13cdc9d9-ddb5-4fa4-a97d-d965ccfc6d4b" outcome="Passed" testListId="8c84fa94-04c1-424b-9868-57a2d4851a1d" relativeResultsDirectory="04b171a2-59f0-4bc3-9f85-f12cbd50637c">
    </UnitTestResult>
  </Results>
</TestRun>