<?xml version="1.0" encoding="UTF-8"?>
<TestRun id="c4f14e7f-3e13-4e57-9f9a-bc34c1e3ca08" name="Jeff@NOSTROMO 2012-08-30 20:59:29" runUser="Nostromo\Jeff" xmlns="http://microsoft.com/schemas/VisualStudio/TeamTest/2010">
  <TestSettings name="Local" id="a1dbf31c-c850-4916-af09-2a6406358f65">
    <Description>These are default test settings for a local test run.</Description>
    <Deployment enabled="false" runDeploymentRoot="Jeff_NOSTROMO 2012-08-30 20_59_29" />
    <Execution>
      <TestTypeSpecific />
      <AgentRule name="Execution Agents">
      </AgentRule>
    </Execution>
  </TestSettings>
  <Times creation="2012-08-30T20:59:29.6086379-07:00" queuing="2012-08-30T20:59:30.6156955-07:00" start="2012-08-30T20:59:30.7867053-07:00" finish="2012-08-30T20:59:36.4470290-07:00" />
  <ResultSummary outcome="Completed">
    <Counters total="1" executed="1" passed="1" error="0" failed="0" timeout="0" aborted="0" inconclusive="0" passedButRunAborted="0" notRunnable="0" notExecuted="0" disconnected="0" warning="0" completed="0" inProgress="0" pending="0" />
  </ResultSummary>
  <TestDefinitions>
    <UnitTest name="MakeChange_For_A_Dollar_Without_A_Dollar_Coin" storage="c:\development\git repositories\codeclub\codeclub.changeforadollar\codeclub.changeforadollar\bin\debug\codeclub.changeforadollar.dll" id="7664a8ac-0db9-46fd-2dc4-7317684e08cf">
      <Execution id="f3c263f3-7f43-4133-9005-88341c3e9587" />
      <TestMethod codeBase="C:/Development/Git Repositories/CodeClub/CodeClub.ChangeForADollar/CodeClub.ChangeForADollar/bin/Debug/CodeClub.ChangeForADollar.DLL" adapterTypeName="Microsoft.VisualStudio.TestTools.TestTypes.Unit.UnitTestAdapter, Microsoft.VisualStudio.QualityTools.Tips.UnitTest.Adapter, Version=10.0.0.0, Culture=neutral, PublicKeyToken=b03f5f7f11d50a3a" className="CodeClub.ChangeForADollar.UnitTest1, CodeClub.ChangeForADollar, Version=1.0.0.0, Culture=neutral, PublicKeyToken=null" name="MakeChange_For_A_Dollar_Without_A_Dollar_Coin" />
    </UnitTest>
  </TestDefinitions>
  <TestLists>
    <TestList name="Results Not in a List" id="8c84fa94-04c1-424b-9868-57a2d4851a1d" />
    <TestList name="All Loaded Results" id="19431567-8539-422a-85d7-44ee4e166bda" />
  </TestLists>
  <TestEntries>
    <TestEntry testId="7664a8ac-0db9-46fd-2dc4-7317684e08cf" executionId="f3c263f3-7f43-4133-9005-88341c3e9587" testListId="8c84fa94-04c1-424b-9868-57a2d4851a1d" />
  </TestEntries>
  <Results>
    <UnitTestResult executionId="f3c263f3-7f43-4133-9005-88341c3e9587" testId="7664a8ac-0db9-46fd-2dc4-7317684e08cf" testName="MakeChange_For_A_Dollar_Without_A_Dollar_Coin" computerName="NOSTROMO" duration="00:00:04.6926095" startTime="2012-08-30T20:59:30.9497146-07:00" endTime="2012-08-30T20:59:36.4040266-07:00" testType="13cdc9d9-ddb5-4fa4-a97d-d965ccfc6d4b" outcome="Passed" testListId="8c84fa94-04c1-424b-9868-57a2d4851a1d" relativeResultsDirectory="f3c263f3-7f43-4133-9005-88341c3e9587">
    </UnitTestResult>
  </Results>
</TestRun>